Determining if the pthread_create exist failed with the following output:
Change Dir: /home/hao/catkin_ws/build/CMakeFiles/CMakeTmp

Run Build Command:"/usr/bin/make" "cmTC_ebacd/fast"
/usr/bin/make -f CMakeFiles/cmTC_ebacd.dir/build.make CMakeFiles/cmTC_ebacd.dir/build
make[1]: Entering directory '/home/hao/catkin_ws/build/CMakeFiles/CMakeTmp'
Building C object CMakeFiles/cmTC_ebacd.dir/CheckSymbolExists.c.o
/usr/bin/cc    -o CMakeFiles/cmTC_ebacd.dir/CheckSymbolExists.c.o   -c /home/hao/catkin_ws/build/CMakeFiles/CMakeTmp/CheckSymbolExists.c
Linking C executable cmTC_ebacd
/usr/bin/cmake -E cmake_link_script CMakeFiles/cmTC_ebacd.dir/link.txt --verbose=1
/usr/bin/cc      -rdynamic CMakeFiles/cmTC_ebacd.dir/CheckSymbolExists.c.o  -o cmTC_ebacd 
CMakeFiles/cmTC_ebacd.dir/CheckSymbolExists.c.o: In function `main':
CheckSymbolExists.c:(.text+0x1b): undefined reference to `pthread_create'
collect2: error: ld returned 1 exit status
CMakeFiles/cmTC_ebacd.dir/build.make:97: recipe for target 'cmTC_ebacd' failed
make[1]: *** [cmTC_ebacd] Error 1
make[1]: Leaving directory '/home/hao/catkin_ws/build/CMakeFiles/CMakeTmp'
Makefile:126: recipe for target 'cmTC_ebacd/fast' failed
make: *** [cmTC_ebacd/fast] Error 2

File /home/hao/catkin_ws/build/CMakeFiles/CMakeTmp/CheckSymbolExists.c:
/* */
#include <pthread.h>

int main(int argc, char** argv)
{
  (void)argv;
#ifndef pthread_create
  return ((int*)(&pthread_create))[argc];
#else
  (void)argc;
  return 0;
#endif
}

Determining if the function pthread_create exists in the pthreads failed with the following output:
Change Dir: /home/hao/catkin_ws/build/CMakeFiles/CMakeTmp

Run Build Command:"/usr/bin/make" "cmTC_13f97/fast"
/usr/bin/make -f CMakeFiles/cmTC_13f97.dir/build.make CMakeFiles/cmTC_13f97.dir/build
make[1]: Entering directory '/home/hao/catkin_ws/build/CMakeFiles/CMakeTmp'
Building C object CMakeFiles/cmTC_13f97.dir/CheckFunctionExists.c.o
/usr/bin/cc   -DCHECK_FUNCTION_EXISTS=pthread_create   -o CMakeFiles/cmTC_13f97.dir/CheckFunctionExists.c.o   -c /usr/share/cmake-3.10/Modules/CheckFunctionExists.c
Linking C executable cmTC_13f97
/usr/bin/cmake -E cmake_link_script CMakeFiles/cmTC_13f97.dir/link.txt --verbose=1
/usr/bin/cc  -DCHECK_FUNCTION_EXISTS=pthread_create    -rdynamic CMakeFiles/cmTC_13f97.dir/CheckFunctionExists.c.o  -o cmTC_13f97 -lpthreads 
/usr/bin/ld: cannot find -lpthreads
collect2: error: ld returned 1 exit status
CMakeFiles/cmTC_13f97.dir/build.make:97: recipe for target 'cmTC_13f97' failed
make[1]: *** [cmTC_13f97] Error 1
make[1]: Leaving directory '/home/hao/catkin_ws/build/CMakeFiles/CMakeTmp'
Makefile:126: recipe for target 'cmTC_13f97/fast' failed
make: *** [cmTC_13f97/fast] Error 2


